<?xml version="1.0" encoding="UTF-8"?>
<testsuite xmlns:xsi="http://www.w3.org/2001/XMLSchema-instance" xsi:noNamespaceSchemaLocation="https://maven.apache.org/surefire/maven-surefire-plugin/xsd/surefire-test-report-3.0.xsd" version="3.0" name="com.meli.socialmeli.SocialmeliApplicationTests" time="1.483" tests="1" errors="0" skipped="0" failures="0">
  <properties>
[...]
</properties>
  <testcase name="contextLoads" classname="com.meli.socialmeli.SocialmeliApplicationTests" time="0.468">
    <system-out><![CDATA[17:32:21.053 [main] INFO org.springframework.test.context.support.AnnotationConfigContextLoaderUtils -- Could not detect default configuration classes for test class [com.meli.socialmeli.SocialmeliApplicationTests]: SocialmeliApplicationTests does not declare any static, non-private, non-final, nested classes annotated with @Configuration.
17:32:21.095 [main] INFO org.springframework.boot.test.context.SpringBootTestContextBootstrapper -- Found @SpringBootConfiguration com.meli.socialmeli.SocialmeliApplication for test class com.meli.socialmeli.SocialmeliApplicationTests
17:32:21.151 [main] INFO org.springframework.boot.devtools.restart.RestartApplicationListener -- Restart disabled due to context in which it is running

  .   ____          _            __ _ _
 /\\ / ___'_ __ _ _(_)_ __  __ _ \ \ \ \
( ( )\___ | '_ | '_| | '_ \/ _` | \ \ \ \
 \\/  ___)| |_)| | | | | || (_| |  ) ) ) )
  '  |____| .__|_| |_|_| |_\__, | / / / /
 =========|_|==============|___/=/_/_/_/
 :: Spring Boot ::                (v3.2.0)

2023-12-18T17:32:21.248-06:00  INFO 52035 --- [           main] c.m.s.SocialmeliApplicationTests         : Starting SocialmeliApplicationTests using Java 21.0.1 with PID 52035 (started by alimpiodiaz in /Users/alimpiodiaz/Desktop/be_java_hisp_w23_g01)
2023-12-18T17:32:21.248-06:00  INFO 52035 --- [           main] c.m.s.SocialmeliApplicationTests         : No active profile set, falling back to 1 default profile: "default"
2023-12-18T17:32:21.985-06:00  INFO 52035 --- [           main] c.m.s.SocialmeliApplicationTests         : Started SocialmeliApplicationTests in 0.839 seconds (process running for 1.224)
]]></system-out>
    <system-err><![CDATA[WARNING: A Java agent has been loaded dynamically (/Users/alimpiodiaz/.m2/repository/net/bytebuddy/byte-buddy-agent/1.14.10/byte-buddy-agent-1.14.10.jar)
WARNING: If a serviceability tool is in use, please run with -XX:+EnableDynamicAgentLoading to hide this warning
WARNING: If a serviceability tool is not in use, please run with -Djdk.instrument.traceUsage for more information
WARNING: Dynamic loading of agents will be disallowed by default in a future release
]]></system-err>
  </testcase>
</testsuite>